<?xml version="1.0" encoding="UTF-8"?>
<testng-results ignored="0" total="2" passed="2" failed="0" skipped="0">
  <reporter-output>
  </reporter-output>
  <suite started-at="2023-06-30T18:34:37 IDT" name="Suite" finished-at="2023-06-30T18:35:04 IDT" duration-ms="27202">
    <groups>
    </groups>
    <test started-at="2023-06-30T18:34:37 IDT" name="Test" finished-at="2023-06-30T18:35:04 IDT" duration-ms="27202">
      <class name="tests.NavPageTest">
        <test-method is-config="true" signature="setup()[pri:0, instance:tests.NavPageTest@6f6962ba]" started-at="2023-06-30T18:34:37 IDT" name="setup" finished-at="2023-06-30T18:34:44 IDT" duration-ms="7446" status="PASS">
          <reporter-output>
          </reporter-output>
        </test-method> <!-- setup -->
        <test-method signature="tc01_printAllLang()[pri:0, instance:tests.NavPageTest@6f6962ba]" started-at="2023-06-30T18:34:44 IDT" name="tc01_printAllLang" description="printLangToConsole" finished-at="2023-06-30T18:34:47 IDT" duration-ms="2528" status="PASS">
          <reporter-output>
          </reporter-output>
        </test-method> <!-- tc01_printAllLang -->
        <test-method signature="tc02_selectEachLangAndValidate()[pri:0, instance:tests.NavPageTest@6f6962ba]" started-at="2023-06-30T18:34:47 IDT" name="tc02_selectEachLangAndValidate" description="langValidation" finished-at="2023-06-30T18:35:04 IDT" duration-ms="16620" status="PASS">
          <reporter-output>
          </reporter-output>
        </test-method> <!-- tc02_selectEachLangAndValidate -->
        <test-method is-config="true" signature="tearDown()[pri:0, instance:tests.NavPageTest@6f6962ba]" started-at="2023-06-30T18:35:04 IDT" name="tearDown" finished-at="2023-06-30T18:35:04 IDT" duration-ms="306" status="PASS">
          <reporter-output>
          </reporter-output>
        </test-method> <!-- tearDown -->
      </class> <!-- tests.NavPageTest -->
    </test> <!-- Test -->
  </suite> <!-- Suite -->
</testng-results>
